1735276936038	geckodriver	INFO	Listening on 127.0.0.1:64738
1735276939206	mozrunner::runner	INFO	Running command: "C:\\Users\\user\\.cache\\selenium\\firefox\\win64\\133.0.3\\firefox.exe" "--marionette" "-headless" "--remo ... 39" "--remote-allow-hosts" "localhost" "-no-remote" "-profile" "C:\\Users\\user\\AppData\\Local\\Temp\\rust_mozprofile1ebSSE"
*** You are running in headless mode.
console.warn: services.settings: Ignoring preference override of remote settings server
console.warn: services.settings: Allow by setting MOZ_REMOTE_SETTINGS_DEVTOOLS=1 in the environment
Dynamically enable window occlusion 0
1735276942452	Marionette	INFO	Marionette enabled
1735276942990	Marionette	INFO	Listening on port 49323
WebDriver BiDi listening on ws://127.0.0.1:64739
Read port: 49323
1735276943715	RemoteAgent	WARN	TLS certificate errors will be ignored for this session
[GFX1-]: RenderCompositorSWGL failed mapping default framebuffer, no dt
console.error: ({})
DevTools listening on ws://127.0.0.1:64739/devtools/browser/51b13250-0ac4-4066-8a0b-a7d1c4332ee6
console.warn: LoginRecipes: "Falling back to a synchronous message for: https://demo.guru99.com."
JavaScript error: resource://gre/actors/FormHandlerChild.sys.mjs, line 103: InvalidStateError: JSWindowActorChild.document getter: Cannot access property 'document' after actor 'FormHandler' has been destroyed
console.warn: LoginRecipes: "Falling back to a synchronous message for: https://demo.guru99.com."
console.warn: LoginRecipes: "Falling back to a synchronous message for: https://demo.guru99.com."
1735276960697	Marionette	INFO	Stopped listening on port 49323
Dynamically enable window occlusion 1
